<?xml version="1.0" encoding="UTF-8"?>
<!-- Generated by org.testng.reporters.JUnitReportReporter -->
<testsuite hostname="DESKTOP-6I8VA6F" failures="0" tests="1" name="com.Selenium.Utility.WebDrivers" time="30.576" errors="0" timestamp="13 Apr 2020 10:16:42 GMT" skipped="0">
  <testcase classname="com.Selenium.Utility.WebDrivers" name="getDriver" time="30.576"/>
</testsuite> <!-- com.Selenium.Utility.WebDrivers -->
