<?xml version="1.0" encoding="UTF-8"?>
<!-- Generated by org.testng.reporters.JUnitReportReporter -->
<testsuite hostname="DESKTOP-6I8VA6F" failures="0" tests="5" name="com.selenium.test.webpageconfigurations" time="10.137" errors="0" timestamp="2020-04-22T14:26:40 IST" skipped="2">
  <testcase classname="com.selenium.test.webpageconfigurations" name="getBrowserWindowdimensions" time="0.055"/>
  <testcase classname="com.selenium.test.webpageconfigurations" name="setCookies" time="2.454"/>
  <testcase classname="com.selenium.test.webpageconfigurations" name="RefreshBrowser" time="7.628"/>
  <testcase classname="com.selenium.test.webpageconfigurations" name="setinitialBrowserWindow">
    <skipped/>
  </testcase> <!-- setinitialBrowserWindow -->
  <testcase classname="com.selenium.test.webpageconfigurations" name="getCookies">
    <skipped/>
  </testcase> <!-- getCookies -->
</testsuite> <!-- com.selenium.test.webpageconfigurations -->
