<?xml version="1.0" encoding="UTF-8"?>
<!-- Generated by org.testng.reporters.JUnitReportReporter -->
<testsuite hostname="DESKTOP-6I8VA6F" failures="0" tests="6" name="com.selenium.test.webpageconfigurations" time="152.437" errors="0" timestamp="2021-05-11T23:46:13 IST" skipped="5">
  <testcase classname="com.selenium.test.webpageconfigurations" name="getAllURLS" time="152.437"/>
  <testcase classname="com.selenium.test.webpageconfigurations" name="extractSectorLinks">
    <skipped/>
  </testcase> <!-- extractSectorLinks -->
  <testcase classname="com.selenium.test.webpageconfigurations" name="performFunctions">
    <skipped/>
  </testcase> <!-- performFunctions -->
  <testcase classname="com.selenium.test.webpageconfigurations" name="setinitialBrowserWindow">
    <skipped/>
  </testcase> <!-- setinitialBrowserWindow -->
  <testcase classname="com.selenium.test.webpageconfigurations" name="getBrowserWindowdimensions">
    <skipped/>
  </testcase> <!-- getBrowserWindowdimensions -->
  <testcase classname="com.selenium.test.webpageconfigurations" name="extractMFlinkinASection">
    <skipped/>
  </testcase> <!-- extractMFlinkinASection -->
</testsuite> <!-- com.selenium.test.webpageconfigurations -->
