<?xml version="1.0" encoding="UTF-8"?>
<!-- Generated by org.testng.reporters.JUnitReportReporter -->
<testsuite hostname="DESKTOP-6I8VA6F" failures="0" tests="1" name="com.Selenium.Utility.WebDriversClass" time="139.233" errors="0" timestamp="2020-04-12T23:03:39 IST" skipped="0">
  <testcase classname="com.Selenium.Utility.WebDriversClass" name="getDriver" time="139.233"/>
</testsuite> <!-- com.Selenium.Utility.WebDriversClass -->
